{"uid":"e53bdaa1e2028c26","name":"Failed creating the project","fullName":"SpecFlowProject3/Features/CreateProject/Failed creating the project","historyId":"068b5d857eea9670fd79ea5cebd71067","time":{"start":1713813616544,"stop":1713813628065,"duration":11521},"status":"broken","statusMessage":"Timed out after 10 seconds -> no such element: Unable to locate element: {\"method\":\"css selector\",\"selector\":\"[class='page-header__title']\"}\n  (Session info: chrome-headless-shell=123.0.6312.122); For documentation on this error, please visit: https://www.selenium.dev/documentation/webdriver/troubleshooting/errors#no-such-element-exception","statusTrace":"OpenQA.Selenium.WebDriverTimeoutException: Timed out after 10 seconds\n ---> OpenQA.Selenium.NoSuchElementException: no such element: Unable to locate element: {\"method\":\"css selector\",\"selector\":\"[class='page-header__title']\"}\n  (Session info: chrome-headless-shell=123.0.6312.122); For documentation on this error, please visit: https://www.selenium.dev/documentation/webdriver/troubleshooting/errors#no-such-element-exception\n   at OpenQA.Selenium.WebDriver.UnpackAndThrowOnError(Response errorResponse, String commandToExecute)\n   at OpenQA.Selenium.WebDriver.Execute(String driverCommandToExecute, Dictionary`2 parameters)\n   at OpenQA.Selenium.WebDriver.FindElement(String mechanism, String value)\n   at OpenQA.Selenium.By.<.ctor>b__11_0(ISearchContext context)\n   at OpenQA.Selenium.By.FindElement(ISearchContext context)\n   at OpenQA.Selenium.WebDriver.FindElement(By by)\n   at SeleniumExtras.WaitHelpers.ExpectedConditions.<>c__DisplayClass2_0.<ElementExists>b__0(IWebDriver driver)\n   at OpenQA.Selenium.Support.UI.DefaultWait`1.Until[TResult](Func`2 condition, CancellationToken token)\n   --- End of inner exception stack trace ---\n   at OpenQA.Selenium.Support.UI.DefaultWait`1.ThrowTimeoutException(String exceptionMessage, Exception lastException)\n   at OpenQA.Selenium.Support.UI.DefaultWait`1.Until[TResult](Func`2 condition, CancellationToken token)\n   at OpenQA.Selenium.Support.UI.DefaultWait`1.Until[TResult](Func`2 condition)\n   at FinalTask.Helpers.WaitHelpers.WaitForExists(By locator) in /home/runner/work/FinalWork/FinalWork/FinalTask/Helpers/WaitHelpers.cs:line 34\n   at FinalTask.Pages.ProjectPage.get_ProjectNameBy() in /home/runner/work/FinalWork/FinalWork/FinalTask/Pages/ProjectPage.cs:line 20\n   at FinalTask.Pages.ProjectPage.IsPageOpened() in /home/runner/work/FinalWork/FinalWork/FinalTask/Pages/ProjectPage.cs:line 30\n   at SpecFlowProject3.StepDefinitions.GUI.CreateProjectGuiStepDefs.IsProjectCreated() in /home/runner/work/FinalWork/FinalWork/SpecFlowProject3/StepDefinitions/GUI/CreateProjectGuiStepDefs.cs:line 81\n   at InvokeStub_Action`1.Invoke(Object, Span`1)\n   at System.Reflection.MethodBaseInvoker.InvokeWithOneArg(Object obj, BindingFlags invokeAttr, Binder binder, Object[] parameters, CultureInfo culture)\n   at TechTalk.SpecFlow.Bindings.BindingInvoker.InvokeBinding(IBinding binding, IContextManager contextManager, Object[] arguments, ITestTracer testTracer, TimeSpan& duration)\n   at Allure.SpecFlowPlugin.AllureBindingInvoker.InvokeBinding(IBinding binding, IContextManager contextManager, Object[] arguments, ITestTracer testTracer, TimeSpan& duration)\n   at TechTalk.SpecFlow.Infrastructure.TestExecutionEngine.ExecuteStepMatch(BindingMatch match, Object[] arguments, TimeSpan& duration)\n   at TechTalk.SpecFlow.Infrastructure.TestExecutionEngine.ExecuteStep(IContextManager contextManager, StepInstance stepInstance)","flaky":false,"newFailed":false,"newBroken":false,"newPassed":false,"retriesCount":0,"retriesStatusChange":false,"beforeStages":[{"name":"BeforeGUIScenario [10000]","time":{"start":1713813615163,"stop":1713813616543,"duration":1380},"status":"passed","steps":[],"attachments":[],"parameters":[],"shouldDisplayMessage":false,"stepsCount":0,"attachmentsCount":0,"hasContent":false}],"testStage":{"status":"broken","statusMessage":"Timed out after 10 seconds -> no such element: Unable to locate element: {\"method\":\"css selector\",\"selector\":\"[class='page-header__title']\"}\n  (Session info: chrome-headless-shell=123.0.6312.122); For documentation on this error, please visit: https://www.selenium.dev/documentation/webdriver/troubleshooting/errors#no-such-element-exception","statusTrace":"OpenQA.Selenium.WebDriverTimeoutException: Timed out after 10 seconds\n ---> OpenQA.Selenium.NoSuchElementException: no such element: Unable to locate element: {\"method\":\"css selector\",\"selector\":\"[class='page-header__title']\"}\n  (Session info: chrome-headless-shell=123.0.6312.122); For documentation on this error, please visit: https://www.selenium.dev/documentation/webdriver/troubleshooting/errors#no-such-element-exception\n   at OpenQA.Selenium.WebDriver.UnpackAndThrowOnError(Response errorResponse, String commandToExecute)\n   at OpenQA.Selenium.WebDriver.Execute(String driverCommandToExecute, Dictionary`2 parameters)\n   at OpenQA.Selenium.WebDriver.FindElement(String mechanism, String value)\n   at OpenQA.Selenium.By.<.ctor>b__11_0(ISearchContext context)\n   at OpenQA.Selenium.By.FindElement(ISearchContext context)\n   at OpenQA.Selenium.WebDriver.FindElement(By by)\n   at SeleniumExtras.WaitHelpers.ExpectedConditions.<>c__DisplayClass2_0.<ElementExists>b__0(IWebDriver driver)\n   at OpenQA.Selenium.Support.UI.DefaultWait`1.Until[TResult](Func`2 condition, CancellationToken token)\n   --- End of inner exception stack trace ---\n   at OpenQA.Selenium.Support.UI.DefaultWait`1.ThrowTimeoutException(String exceptionMessage, Exception lastException)\n   at OpenQA.Selenium.Support.UI.DefaultWait`1.Until[TResult](Func`2 condition, CancellationToken token)\n   at OpenQA.Selenium.Support.UI.DefaultWait`1.Until[TResult](Func`2 condition)\n   at FinalTask.Helpers.WaitHelpers.WaitForExists(By locator) in /home/runner/work/FinalWork/FinalWork/FinalTask/Helpers/WaitHelpers.cs:line 34\n   at FinalTask.Pages.ProjectPage.get_ProjectNameBy() in /home/runner/work/FinalWork/FinalWork/FinalTask/Pages/ProjectPage.cs:line 20\n   at FinalTask.Pages.ProjectPage.IsPageOpened() in /home/runner/work/FinalWork/FinalWork/FinalTask/Pages/ProjectPage.cs:line 30\n   at SpecFlowProject3.StepDefinitions.GUI.CreateProjectGuiStepDefs.IsProjectCreated() in /home/runner/work/FinalWork/FinalWork/SpecFlowProject3/StepDefinitions/GUI/CreateProjectGuiStepDefs.cs:line 81\n   at InvokeStub_Action`1.Invoke(Object, Span`1)\n   at System.Reflection.MethodBaseInvoker.InvokeWithOneArg(Object obj, BindingFlags invokeAttr, Binder binder, Object[] parameters, CultureInfo culture)\n   at TechTalk.SpecFlow.Bindings.BindingInvoker.InvokeBinding(IBinding binding, IContextManager contextManager, Object[] arguments, ITestTracer testTracer, TimeSpan& duration)\n   at Allure.SpecFlowPlugin.AllureBindingInvoker.InvokeBinding(IBinding binding, IContextManager contextManager, Object[] arguments, ITestTracer testTracer, TimeSpan& duration)\n   at TechTalk.SpecFlow.Infrastructure.TestExecutionEngine.ExecuteStepMatch(BindingMatch match, Object[] arguments, TimeSpan& duration)\n   at TechTalk.SpecFlow.Infrastructure.TestExecutionEngine.ExecuteStep(IContextManager contextManager, StepInstance stepInstance)","steps":[{"name":"Given  open the login page and enter pass and email","time":{"start":1713813616544,"stop":1713813617161,"duration":617},"status":"passed","steps":[],"attachments":[],"parameters":[],"shouldDisplayMessage":false,"stepsCount":0,"attachmentsCount":0,"hasContent":false},{"name":"When  user click AddProjectButton","time":{"start":1713813617161,"stop":1713813617217,"duration":56},"status":"passed","steps":[],"attachments":[],"parameters":[],"shouldDisplayMessage":false,"stepsCount":0,"attachmentsCount":0,"hasContent":false},{"name":"*  modal dialog is opened","time":{"start":1713813617217,"stop":1713813617760,"duration":543},"status":"passed","steps":[],"attachments":[],"parameters":[],"shouldDisplayMessage":false,"stepsCount":0,"attachmentsCount":0,"hasContent":false},{"name":"*  user enters \"\" to the projectName field and \"\" to the projectSummary field","time":{"start":1713813617760,"stop":1713813617854,"duration":94},"status":"passed","steps":[],"attachments":[],"parameters":[],"shouldDisplayMessage":false,"stepsCount":0,"attachmentsCount":0,"hasContent":false},{"name":"Then  Project is created, homePage is opened","time":{"start":1713813617854,"stop":1713813628061,"duration":10207},"status":"broken","statusMessage":"Timed out after 10 seconds -> no such element: Unable to locate element: {\"method\":\"css selector\",\"selector\":\"[class='page-header__title']\"}\n  (Session info: chrome-headless-shell=123.0.6312.122); For documentation on this error, please visit: https://www.selenium.dev/documentation/webdriver/troubleshooting/errors#no-such-element-exception","statusTrace":"OpenQA.Selenium.WebDriverTimeoutException: Timed out after 10 seconds\n ---> OpenQA.Selenium.NoSuchElementException: no such element: Unable to locate element: {\"method\":\"css selector\",\"selector\":\"[class='page-header__title']\"}\n  (Session info: chrome-headless-shell=123.0.6312.122); For documentation on this error, please visit: https://www.selenium.dev/documentation/webdriver/troubleshooting/errors#no-such-element-exception\n   at OpenQA.Selenium.WebDriver.UnpackAndThrowOnError(Response errorResponse, String commandToExecute)\n   at OpenQA.Selenium.WebDriver.Execute(String driverCommandToExecute, Dictionary`2 parameters)\n   at OpenQA.Selenium.WebDriver.FindElement(String mechanism, String value)\n   at OpenQA.Selenium.By.<.ctor>b__11_0(ISearchContext context)\n   at OpenQA.Selenium.By.FindElement(ISearchContext context)\n   at OpenQA.Selenium.WebDriver.FindElement(By by)\n   at SeleniumExtras.WaitHelpers.ExpectedConditions.<>c__DisplayClass2_0.<ElementExists>b__0(IWebDriver driver)\n   at OpenQA.Selenium.Support.UI.DefaultWait`1.Until[TResult](Func`2 condition, CancellationToken token)\n   --- End of inner exception stack trace ---\n   at OpenQA.Selenium.Support.UI.DefaultWait`1.ThrowTimeoutException(String exceptionMessage, Exception lastException)\n   at OpenQA.Selenium.Support.UI.DefaultWait`1.Until[TResult](Func`2 condition, CancellationToken token)\n   at OpenQA.Selenium.Support.UI.DefaultWait`1.Until[TResult](Func`2 condition)\n   at FinalTask.Helpers.WaitHelpers.WaitForExists(By locator) in /home/runner/work/FinalWork/FinalWork/FinalTask/Helpers/WaitHelpers.cs:line 34\n   at FinalTask.Pages.ProjectPage.get_ProjectNameBy() in /home/runner/work/FinalWork/FinalWork/FinalTask/Pages/ProjectPage.cs:line 20\n   at FinalTask.Pages.ProjectPage.IsPageOpened() in /home/runner/work/FinalWork/FinalWork/FinalTask/Pages/ProjectPage.cs:line 30\n   at SpecFlowProject3.StepDefinitions.GUI.CreateProjectGuiStepDefs.IsProjectCreated() in /home/runner/work/FinalWork/FinalWork/SpecFlowProject3/StepDefinitions/GUI/CreateProjectGuiStepDefs.cs:line 81\n   at InvokeStub_Action`1.Invoke(Object, Span`1)\n   at System.Reflection.MethodBaseInvoker.InvokeWithOneArg(Object obj, BindingFlags invokeAttr, Binder binder, Object[] parameters, CultureInfo culture)\n   at TechTalk.SpecFlow.Bindings.BindingInvoker.InvokeBinding(IBinding binding, IContextManager contextManager, Object[] arguments, ITestTracer testTracer, TimeSpan& duration)\n   at Allure.SpecFlowPlugin.AllureBindingInvoker.InvokeBinding(IBinding binding, IContextManager contextManager, Object[] arguments, ITestTracer testTracer, TimeSpan& duration)\n   at TechTalk.SpecFlow.Infrastructure.TestExecutionEngine.ExecuteStepMatch(BindingMatch match, Object[] arguments, TimeSpan& duration)\n   at TechTalk.SpecFlow.Infrastructure.TestExecutionEngine.ExecuteStep(IContextManager contextManager, StepInstance stepInstance)","steps":[],"attachments":[],"parameters":[],"shouldDisplayMessage":true,"stepsCount":0,"attachmentsCount":0,"hasContent":true}],"attachments":[],"parameters":[],"shouldDisplayMessage":false,"stepsCount":5,"attachmentsCount":0,"hasContent":true},"afterStages":[{"name":"AfterScenario [10000]","time":{"start":1713813628065,"stop":1713813628181,"duration":116},"status":"passed","steps":[],"attachments":[{"uid":"ffdf7d5a6d3243","name":"Screenshot","source":"ffdf7d5a6d3243.png","type":"image/png","size":46319}],"parameters":[],"shouldDisplayMessage":false,"stepsCount":0,"attachmentsCount":1,"hasContent":true}],"labels":[{"name":"thread","value":"NonParallelWorker"},{"name":"host","value":"fv-az768-649"},{"name":"language","value":"C#"},{"name":"framework","value":"SpecFlow"},{"name":"feature","value":"CreateProject"},{"name":"tag","value":"GUI"},{"name":"tag","value":"allure.label.story:ProjectsFeature"},{"name":"tag","value":"critical"},{"name":"tag","value":"allure.label.owner:SophiaChida"},{"name":"resultFormat","value":"allure2"}],"parameters":[],"links":[],"hidden":false,"retry":false,"extra":{"severity":"normal","retries":[],"categories":[{"name":"Test defects","matchedStatuses":[],"flaky":false}],"tags":["critical","allure.label.story:ProjectsFeature","GUI","allure.label.owner:SophiaChida"]},"source":"e53bdaa1e2028c26.json","parameterValues":[]}