{"uid":"e0de3ccaeeb5f5d2","name":"Failed creating the project","fullName":"SpecFlowProject3/Features/CreateProject/Failed creating the project","historyId":"068b5d857eea9670fd79ea5cebd71067","time":{"start":1713908831190,"stop":1713908842733,"duration":11543},"status":"broken","statusMessage":"Timed out after 10 seconds -> no such element: Unable to locate element: {\"method\":\"css selector\",\"selector\":\"[class='page-header__title']\"}\n  (Session info: chrome-headless-shell=124.0.6367.60); For documentation on this error, please visit: https://www.selenium.dev/documentation/webdriver/troubleshooting/errors#no-such-element-exception","statusTrace":"OpenQA.Selenium.WebDriverTimeoutException: Timed out after 10 seconds\n ---> OpenQA.Selenium.NoSuchElementException: no such element: Unable to locate element: {\"method\":\"css selector\",\"selector\":\"[class='page-header__title']\"}\n  (Session info: chrome-headless-shell=124.0.6367.60); For documentation on this error, please visit: https://www.selenium.dev/documentation/webdriver/troubleshooting/errors#no-such-element-exception\n   at OpenQA.Selenium.WebDriver.UnpackAndThrowOnError(Response errorResponse, String commandToExecute)\n   at OpenQA.Selenium.WebDriver.Execute(String driverCommandToExecute, Dictionary`2 parameters)\n   at OpenQA.Selenium.WebDriver.FindElement(String mechanism, String value)\n   at OpenQA.Selenium.By.<.ctor>b__11_0(ISearchContext context)\n   at OpenQA.Selenium.By.FindElement(ISearchContext context)\n   at OpenQA.Selenium.WebDriver.FindElement(By by)\n   at SeleniumExtras.WaitHelpers.ExpectedConditions.<>c__DisplayClass2_0.<ElementExists>b__0(IWebDriver driver)\n   at OpenQA.Selenium.Support.UI.DefaultWait`1.Until[TResult](Func`2 condition, CancellationToken token)\n   --- End of inner exception stack trace ---\n   at OpenQA.Selenium.Support.UI.DefaultWait`1.ThrowTimeoutException(String exceptionMessage, Exception lastException)\n   at OpenQA.Selenium.Support.UI.DefaultWait`1.Until[TResult](Func`2 condition, CancellationToken token)\n   at OpenQA.Selenium.Support.UI.DefaultWait`1.Until[TResult](Func`2 condition)\n   at FinalTask.Helpers.WaitHelpers.WaitForExists(By locator) in /home/runner/work/FinalWork/FinalWork/FinalTask/Helpers/WaitHelpers.cs:line 34\n   at FinalTask.Pages.ProjectPage.get_ProjectNameBy() in /home/runner/work/FinalWork/FinalWork/FinalTask/Pages/ProjectPage.cs:line 20\n   at FinalTask.Pages.ProjectPage.IsPageOpened() in /home/runner/work/FinalWork/FinalWork/FinalTask/Pages/ProjectPage.cs:line 30\n   at SpecFlowProject3.StepDefinitions.GUI.CreateProjectGuiStepDefs.IsProjectCreated() in /home/runner/work/FinalWork/FinalWork/SpecFlowProject3/StepDefinitions/GUI/CreateProjectGuiStepDefs.cs:line 80\n   at InvokeStub_Action`1.Invoke(Object, Span`1)\n   at System.Reflection.MethodBaseInvoker.InvokeWithOneArg(Object obj, BindingFlags invokeAttr, Binder binder, Object[] parameters, CultureInfo culture)\n   at TechTalk.SpecFlow.Bindings.BindingInvoker.InvokeBinding(IBinding binding, IContextManager contextManager, Object[] arguments, ITestTracer testTracer, TimeSpan& duration)\n   at Allure.SpecFlowPlugin.AllureBindingInvoker.InvokeBinding(IBinding binding, IContextManager contextManager, Object[] arguments, ITestTracer testTracer, TimeSpan& duration)\n   at TechTalk.SpecFlow.Infrastructure.TestExecutionEngine.ExecuteStepMatch(BindingMatch match, Object[] arguments, TimeSpan& duration)\n   at TechTalk.SpecFlow.Infrastructure.TestExecutionEngine.ExecuteStep(IContextManager contextManager, StepInstance stepInstance)","flaky":false,"newFailed":false,"newBroken":false,"newPassed":false,"retriesCount":0,"retriesStatusChange":false,"beforeStages":[{"name":"BeforeGUIScenario [10000]","time":{"start":1713908830124,"stop":1713908831190,"duration":1066},"status":"passed","steps":[],"attachments":[],"parameters":[],"shouldDisplayMessage":false,"stepsCount":0,"attachmentsCount":0,"hasContent":false}],"testStage":{"status":"broken","statusMessage":"Timed out after 10 seconds -> no such element: Unable to locate element: {\"method\":\"css selector\",\"selector\":\"[class='page-header__title']\"}\n  (Session info: chrome-headless-shell=124.0.6367.60); For documentation on this error, please visit: https://www.selenium.dev/documentation/webdriver/troubleshooting/errors#no-such-element-exception","statusTrace":"OpenQA.Selenium.WebDriverTimeoutException: Timed out after 10 seconds\n ---> OpenQA.Selenium.NoSuchElementException: no such element: Unable to locate element: {\"method\":\"css selector\",\"selector\":\"[class='page-header__title']\"}\n  (Session info: chrome-headless-shell=124.0.6367.60); For documentation on this error, please visit: https://www.selenium.dev/documentation/webdriver/troubleshooting/errors#no-such-element-exception\n   at OpenQA.Selenium.WebDriver.UnpackAndThrowOnError(Response errorResponse, String commandToExecute)\n   at OpenQA.Selenium.WebDriver.Execute(String driverCommandToExecute, Dictionary`2 parameters)\n   at OpenQA.Selenium.WebDriver.FindElement(String mechanism, String value)\n   at OpenQA.Selenium.By.<.ctor>b__11_0(ISearchContext context)\n   at OpenQA.Selenium.By.FindElement(ISearchContext context)\n   at OpenQA.Selenium.WebDriver.FindElement(By by)\n   at SeleniumExtras.WaitHelpers.ExpectedConditions.<>c__DisplayClass2_0.<ElementExists>b__0(IWebDriver driver)\n   at OpenQA.Selenium.Support.UI.DefaultWait`1.Until[TResult](Func`2 condition, CancellationToken token)\n   --- End of inner exception stack trace ---\n   at OpenQA.Selenium.Support.UI.DefaultWait`1.ThrowTimeoutException(String exceptionMessage, Exception lastException)\n   at OpenQA.Selenium.Support.UI.DefaultWait`1.Until[TResult](Func`2 condition, CancellationToken token)\n   at OpenQA.Selenium.Support.UI.DefaultWait`1.Until[TResult](Func`2 condition)\n   at FinalTask.Helpers.WaitHelpers.WaitForExists(By locator) in /home/runner/work/FinalWork/FinalWork/FinalTask/Helpers/WaitHelpers.cs:line 34\n   at FinalTask.Pages.ProjectPage.get_ProjectNameBy() in /home/runner/work/FinalWork/FinalWork/FinalTask/Pages/ProjectPage.cs:line 20\n   at FinalTask.Pages.ProjectPage.IsPageOpened() in /home/runner/work/FinalWork/FinalWork/FinalTask/Pages/ProjectPage.cs:line 30\n   at SpecFlowProject3.StepDefinitions.GUI.CreateProjectGuiStepDefs.IsProjectCreated() in /home/runner/work/FinalWork/FinalWork/SpecFlowProject3/StepDefinitions/GUI/CreateProjectGuiStepDefs.cs:line 80\n   at InvokeStub_Action`1.Invoke(Object, Span`1)\n   at System.Reflection.MethodBaseInvoker.InvokeWithOneArg(Object obj, BindingFlags invokeAttr, Binder binder, Object[] parameters, CultureInfo culture)\n   at TechTalk.SpecFlow.Bindings.BindingInvoker.InvokeBinding(IBinding binding, IContextManager contextManager, Object[] arguments, ITestTracer testTracer, TimeSpan& duration)\n   at Allure.SpecFlowPlugin.AllureBindingInvoker.InvokeBinding(IBinding binding, IContextManager contextManager, Object[] arguments, ITestTracer testTracer, TimeSpan& duration)\n   at TechTalk.SpecFlow.Infrastructure.TestExecutionEngine.ExecuteStepMatch(BindingMatch match, Object[] arguments, TimeSpan& duration)\n   at TechTalk.SpecFlow.Infrastructure.TestExecutionEngine.ExecuteStep(IContextManager contextManager, StepInstance stepInstance)","steps":[{"name":"Given  open the login page and enter pass and email","time":{"start":1713908831191,"stop":1713908831755,"duration":564},"status":"passed","steps":[],"attachments":[],"parameters":[],"shouldDisplayMessage":false,"stepsCount":0,"attachmentsCount":0,"hasContent":false},{"name":"When  user click AddProjectButton","time":{"start":1713908831755,"stop":1713908831814,"duration":59},"status":"passed","steps":[],"attachments":[],"parameters":[],"shouldDisplayMessage":false,"stepsCount":0,"attachmentsCount":0,"hasContent":false},{"name":"*  modal dialog is opened","time":{"start":1713908831814,"stop":1713908832360,"duration":546},"status":"passed","steps":[],"attachments":[],"parameters":[],"shouldDisplayMessage":false,"stepsCount":0,"attachmentsCount":0,"hasContent":false},{"name":"*  user enters \"\" to the projectName field and \"\" to the projectSummary field","time":{"start":1713908832360,"stop":1713908832456,"duration":96},"status":"passed","steps":[],"attachments":[],"parameters":[],"shouldDisplayMessage":false,"stepsCount":0,"attachmentsCount":0,"hasContent":false},{"name":"Then  Project is created, homePage is opened","time":{"start":1713908832456,"stop":1713908842730,"duration":10274},"status":"broken","statusMessage":"Timed out after 10 seconds -> no such element: Unable to locate element: {\"method\":\"css selector\",\"selector\":\"[class='page-header__title']\"}\n  (Session info: chrome-headless-shell=124.0.6367.60); For documentation on this error, please visit: https://www.selenium.dev/documentation/webdriver/troubleshooting/errors#no-such-element-exception","statusTrace":"OpenQA.Selenium.WebDriverTimeoutException: Timed out after 10 seconds\n ---> OpenQA.Selenium.NoSuchElementException: no such element: Unable to locate element: {\"method\":\"css selector\",\"selector\":\"[class='page-header__title']\"}\n  (Session info: chrome-headless-shell=124.0.6367.60); For documentation on this error, please visit: https://www.selenium.dev/documentation/webdriver/troubleshooting/errors#no-such-element-exception\n   at OpenQA.Selenium.WebDriver.UnpackAndThrowOnError(Response errorResponse, String commandToExecute)\n   at OpenQA.Selenium.WebDriver.Execute(String driverCommandToExecute, Dictionary`2 parameters)\n   at OpenQA.Selenium.WebDriver.FindElement(String mechanism, String value)\n   at OpenQA.Selenium.By.<.ctor>b__11_0(ISearchContext context)\n   at OpenQA.Selenium.By.FindElement(ISearchContext context)\n   at OpenQA.Selenium.WebDriver.FindElement(By by)\n   at SeleniumExtras.WaitHelpers.ExpectedConditions.<>c__DisplayClass2_0.<ElementExists>b__0(IWebDriver driver)\n   at OpenQA.Selenium.Support.UI.DefaultWait`1.Until[TResult](Func`2 condition, CancellationToken token)\n   --- End of inner exception stack trace ---\n   at OpenQA.Selenium.Support.UI.DefaultWait`1.ThrowTimeoutException(String exceptionMessage, Exception lastException)\n   at OpenQA.Selenium.Support.UI.DefaultWait`1.Until[TResult](Func`2 condition, CancellationToken token)\n   at OpenQA.Selenium.Support.UI.DefaultWait`1.Until[TResult](Func`2 condition)\n   at FinalTask.Helpers.WaitHelpers.WaitForExists(By locator) in /home/runner/work/FinalWork/FinalWork/FinalTask/Helpers/WaitHelpers.cs:line 34\n   at FinalTask.Pages.ProjectPage.get_ProjectNameBy() in /home/runner/work/FinalWork/FinalWork/FinalTask/Pages/ProjectPage.cs:line 20\n   at FinalTask.Pages.ProjectPage.IsPageOpened() in /home/runner/work/FinalWork/FinalWork/FinalTask/Pages/ProjectPage.cs:line 30\n   at SpecFlowProject3.StepDefinitions.GUI.CreateProjectGuiStepDefs.IsProjectCreated() in /home/runner/work/FinalWork/FinalWork/SpecFlowProject3/StepDefinitions/GUI/CreateProjectGuiStepDefs.cs:line 80\n   at InvokeStub_Action`1.Invoke(Object, Span`1)\n   at System.Reflection.MethodBaseInvoker.InvokeWithOneArg(Object obj, BindingFlags invokeAttr, Binder binder, Object[] parameters, CultureInfo culture)\n   at TechTalk.SpecFlow.Bindings.BindingInvoker.InvokeBinding(IBinding binding, IContextManager contextManager, Object[] arguments, ITestTracer testTracer, TimeSpan& duration)\n   at Allure.SpecFlowPlugin.AllureBindingInvoker.InvokeBinding(IBinding binding, IContextManager contextManager, Object[] arguments, ITestTracer testTracer, TimeSpan& duration)\n   at TechTalk.SpecFlow.Infrastructure.TestExecutionEngine.ExecuteStepMatch(BindingMatch match, Object[] arguments, TimeSpan& duration)\n   at TechTalk.SpecFlow.Infrastructure.TestExecutionEngine.ExecuteStep(IContextManager contextManager, StepInstance stepInstance)","steps":[],"attachments":[],"parameters":[],"shouldDisplayMessage":true,"stepsCount":0,"attachmentsCount":0,"hasContent":true}],"attachments":[],"parameters":[],"shouldDisplayMessage":false,"stepsCount":5,"attachmentsCount":0,"hasContent":true},"afterStages":[{"name":"AfterScenario [10000]","time":{"start":1713908842733,"stop":1713908842839,"duration":106},"status":"passed","steps":[],"attachments":[{"uid":"f8b68e60b45d4516","name":"Screenshot","source":"f8b68e60b45d4516.png","type":"image/png","size":46319}],"parameters":[],"shouldDisplayMessage":false,"stepsCount":0,"attachmentsCount":1,"hasContent":true}],"labels":[{"name":"thread","value":"NonParallelWorker"},{"name":"host","value":"fv-az1501-278"},{"name":"language","value":"C#"},{"name":"framework","value":"SpecFlow"},{"name":"feature","value":"CreateProject"},{"name":"tag","value":"GUI"},{"name":"tag","value":"allure.label.suite:GUI"},{"name":"tag","value":"critical"},{"name":"tag","value":"allure.label.owner:SophiaChida"},{"name":"resultFormat","value":"allure2"}],"parameters":[],"links":[],"hidden":false,"retry":false,"extra":{"severity":"normal","retries":[],"categories":[{"name":"Test defects","matchedStatuses":[],"flaky":false}],"history":{"statistic":{"failed":0,"broken":4,"skipped":0,"passed":0,"unknown":0,"total":4},"items":[{"uid":"3b27e47ffbb34957","reportUrl":"https://Scofa26.github.io/FinalWork/64//#testresult/3b27e47ffbb34957","status":"broken","statusDetails":"Timed out after 10 seconds -> no such element: Unable to locate element: {\"method\":\"css selector\",\"selector\":\"[class='page-header__title']\"}\n  (Session info: chrome-headless-shell=124.0.6367.60); For documentation on this error, please visit: https://www.selenium.dev/documentation/webdriver/troubleshooting/errors#no-such-element-exception","time":{"start":1713908524519,"stop":1713908536141,"duration":11622}},{"uid":"59b6ee01d013a177","reportUrl":"https://Scofa26.github.io/FinalWork/63//#testresult/59b6ee01d013a177","status":"broken","statusDetails":"Exception has been thrown by the target of an invocation. -> session not created: This version of ChromeDriver only supports Chrome version 124\nCurrent browser version is 123.0.6312.122 (SessionNotCreated)","time":{"start":1713908251271,"stop":1713908251272,"duration":1}},{"uid":"ae2c9f7a8ec331da","reportUrl":"https://Scofa26.github.io/FinalWork/62//#testresult/ae2c9f7a8ec331da","status":"broken","statusDetails":"Exception has been thrown by the target of an invocation. -> session not created: This version of ChromeDriver only supports Chrome version 124\nCurrent browser version is 123.0.6312.122 (SessionNotCreated)","time":{"start":1713908119289,"stop":1713908119290,"duration":1}}]},"tags":["critical","GUI","allure.label.suite:GUI","allure.label.owner:SophiaChida"]},"source":"e0de3ccaeeb5f5d2.json","parameterValues":[]}